2025-09-16 15:56:52.308 WARNING: extended font config - overriding 'filename.Malgun_Gothic=malgun.ttf' with 'MALGUN.TTF'
2025-09-16 15:56:52.312 WARNING: extended font config - overriding 'filename.Myanmar_Text=mmrtext.ttf' with 'MMRTEXT.TTF'
2025-09-16 15:56:52.313 WARNING: extended font config - overriding 'filename.Mongolian_Baiti=monbaiti.ttf' with 'MONBAITI.TTF'
2025-09-16 15:56:52.858 SEVERE: java.security.KeyStoreException: Windows-ROOT not found. Cause: java.security.NoSuchAlgorithmException: Windows-ROOT KeyStore not available
java.security.KeyStoreException: Windows-ROOT not found
	at java.base/java.security.KeyStore.getInstance(Unknown Source)
	at org.openstreetmap.josm.tools.PlatformHookWindows.getRootKeystore(PlatformHookWindows.java:356)
	at org.openstreetmap.josm.tools.PlatformHookWindows.getX509Certificate(PlatformHookWindows.java:366)
	at org.openstreetmap.josm.io.CertificateAmendment.addMissingCertificates(CertificateAmendment.java:220)
	at org.openstreetmap.josm.gui.MainApplication.mainJOSM(MainApplication.java:927)
	at org.openstreetmap.josm.gui.MainApplication$3.processArguments(MainApplication.java:280)
	at org.openstreetmap.josm.gui.MainApplication.main(MainApplication.java:766)
Caused by: java.security.NoSuchAlgorithmException: Windows-ROOT KeyStore not available
	at java.base/sun.security.jca.GetInstance.getInstance(Unknown Source)
	at java.base/java.security.Security.getImpl(Unknown Source)
	... 7 more

2025-09-16 15:56:53.091 WARNING: Missing plugin main version in plugin DPWValidationTool
2025-09-16 15:56:53.968 WARNING: Missing plugin main version in plugin DPWValidationTool
2025-09-16 16:02:21.690 WARNING: java.net.SocketTimeoutException: Connect timed out
java.net.SocketTimeoutException: Connect timed out
	at java.base/sun.nio.ch.NioSocketImpl.timedFinishConnect(Unknown Source)
	at java.base/sun.nio.ch.NioSocketImpl.connect(Unknown Source)
	at java.base/java.net.SocksSocketImpl.connect(Unknown Source)
	at java.base/java.net.Socket.connect(Unknown Source)
	at java.base/sun.security.ssl.SSLSocketImpl.connect(Unknown Source)
	at java.base/sun.net.NetworkClient.doConnect(Unknown Source)
	at java.base/sun.net.www.http.HttpClient.openServer(Unknown Source)
	at java.base/sun.net.www.http.HttpClient.openServer(Unknown Source)
	at java.base/sun.net.www.protocol.https.HttpsClient.<init>(Unknown Source)
	at java.base/sun.net.www.protocol.https.HttpsClient.New(Unknown Source)
	at java.base/sun.net.www.protocol.https.AbstractDelegateHttpsURLConnection.getNewHttpClient(Unknown Source)
	at java.base/sun.net.www.protocol.http.HttpURLConnection.plainConnect0(Unknown Source)
	at java.base/sun.net.www.protocol.http.HttpURLConnection.plainConnect(Unknown Source)
	at java.base/sun.net.www.protocol.https.AbstractDelegateHttpsURLConnection.connect(Unknown Source)
	at java.base/sun.net.www.protocol.https.HttpsURLConnectionImpl.connect(Unknown Source)
	at org.openstreetmap.josm.tools.Http1Client.performConnection(Http1Client.java:78)
	at org.openstreetmap.josm.tools.HttpClient.connect(HttpClient.java:162)
	at org.openstreetmap.josm.tools.HttpClient.connect(HttpClient.java:136)
	at org.openstreetmap.josm.io.OsmServerReader.getInputStreamRaw(OsmServerReader.java:199)
	at org.openstreetmap.josm.io.OsmServerReader.getInputStreamRaw(OsmServerReader.java:142)
	at org.openstreetmap.josm.io.OsmServerReader.getInputStreamRaw(OsmServerReader.java:126)
	at org.openstreetmap.josm.io.OsmServerReader.getInputStream(OsmServerReader.java:90)
	at org.openstreetmap.josm.io.OsmServerReader.fetchData(OsmServerReader.java:428)
	at org.openstreetmap.josm.io.OsmServerUserInfoReader.fetchUserInfo(OsmServerUserInfoReader.java:170)
	at org.openstreetmap.josm.io.MessageNotifier$Worker.run(MessageNotifier.java:84)
	at java.base/java.util.concurrent.Executors$RunnableAdapter.call(Unknown Source)
	at java.base/java.util.concurrent.FutureTask.runAndReset(Unknown Source)
	at java.base/java.util.concurrent.ScheduledThreadPoolExecutor$ScheduledFutureTask.run(Unknown Source)
	at java.base/java.util.concurrent.ThreadPoolExecutor.runWorker(Unknown Source)
	at java.base/java.util.concurrent.ThreadPoolExecutor$Worker.run(Unknown Source)
	at java.base/java.lang.Thread.run(Unknown Source)

2025-09-16 16:02:21.692 SEVERE: java.net.SocketTimeoutException: Connect timed out
java.net.SocketTimeoutException: Connect timed out
	at java.base/sun.nio.ch.NioSocketImpl.timedFinishConnect(Unknown Source)
	at java.base/sun.nio.ch.NioSocketImpl.connect(Unknown Source)
	at java.base/java.net.SocksSocketImpl.connect(Unknown Source)
	at java.base/java.net.Socket.connect(Unknown Source)
	at java.base/sun.security.ssl.SSLSocketImpl.connect(Unknown Source)
	at java.base/sun.net.NetworkClient.doConnect(Unknown Source)
	at java.base/sun.net.www.http.HttpClient.openServer(Unknown Source)
	at java.base/sun.net.www.http.HttpClient.openServer(Unknown Source)
	at java.base/sun.net.www.protocol.https.HttpsClient.<init>(Unknown Source)
	at java.base/sun.net.www.protocol.https.HttpsClient.New(Unknown Source)
	at java.base/sun.net.www.protocol.https.AbstractDelegateHttpsURLConnection.getNewHttpClient(Unknown Source)
	at java.base/sun.net.www.protocol.http.HttpURLConnection.plainConnect0(Unknown Source)
	at java.base/sun.net.www.protocol.http.HttpURLConnection.plainConnect(Unknown Source)
	at java.base/sun.net.www.protocol.https.AbstractDelegateHttpsURLConnection.connect(Unknown Source)
	at java.base/sun.net.www.protocol.https.HttpsURLConnectionImpl.connect(Unknown Source)
	at org.openstreetmap.josm.tools.Http1Client.performConnection(Http1Client.java:78)
	at org.openstreetmap.josm.tools.HttpClient.connect(HttpClient.java:162)
	at org.openstreetmap.josm.tools.HttpClient.connect(HttpClient.java:136)
	at org.openstreetmap.josm.io.OsmServerReader.getInputStreamRaw(OsmServerReader.java:199)
	at org.openstreetmap.josm.io.OsmServerReader.getInputStreamRaw(OsmServerReader.java:142)
	at org.openstreetmap.josm.io.OsmServerReader.getInputStreamRaw(OsmServerReader.java:126)
	at org.openstreetmap.josm.io.OsmServerReader.getInputStream(OsmServerReader.java:90)
	at org.openstreetmap.josm.io.OsmServerReader.fetchData(OsmServerReader.java:428)
	at org.openstreetmap.josm.io.OsmServerUserInfoReader.fetchUserInfo(OsmServerUserInfoReader.java:170)
	at org.openstreetmap.josm.io.MessageNotifier$Worker.run(MessageNotifier.java:84)
	at java.base/java.util.concurrent.Executors$RunnableAdapter.call(Unknown Source)
	at java.base/java.util.concurrent.FutureTask.runAndReset(Unknown Source)
	at java.base/java.util.concurrent.ScheduledThreadPoolExecutor$ScheduledFutureTask.run(Unknown Source)
	at java.base/java.util.concurrent.ThreadPoolExecutor.runWorker(Unknown Source)
	at java.base/java.util.concurrent.ThreadPoolExecutor$Worker.run(Unknown Source)
	at java.base/java.lang.Thread.run(Unknown Source)

2025-09-16 16:02:21.693 WARNING: org.openstreetmap.josm.io.OsmTransferException: Could not connect to the OSM server. Please check your internet connection.. Cause: java.net.SocketTimeoutException: Connect timed out
org.openstreetmap.josm.io.OsmTransferException: Could not connect to the OSM server. Please check your internet connection.
	at org.openstreetmap.josm.io.OsmServerReader.getInputStreamRaw(OsmServerReader.java:204)
	at org.openstreetmap.josm.io.OsmServerReader.getInputStreamRaw(OsmServerReader.java:142)
	at org.openstreetmap.josm.io.OsmServerReader.getInputStreamRaw(OsmServerReader.java:126)
	at org.openstreetmap.josm.io.OsmServerReader.getInputStream(OsmServerReader.java:90)
	at org.openstreetmap.josm.io.OsmServerReader.fetchData(OsmServerReader.java:428)
	at org.openstreetmap.josm.io.OsmServerUserInfoReader.fetchUserInfo(OsmServerUserInfoReader.java:170)
	at org.openstreetmap.josm.io.MessageNotifier$Worker.run(MessageNotifier.java:84)
	at java.base/java.util.concurrent.Executors$RunnableAdapter.call(Unknown Source)
	at java.base/java.util.concurrent.FutureTask.runAndReset(Unknown Source)
	at java.base/java.util.concurrent.ScheduledThreadPoolExecutor$ScheduledFutureTask.run(Unknown Source)
	at java.base/java.util.concurrent.ThreadPoolExecutor.runWorker(Unknown Source)
	at java.base/java.util.concurrent.ThreadPoolExecutor$Worker.run(Unknown Source)
	at java.base/java.lang.Thread.run(Unknown Source)
Caused by: java.net.SocketTimeoutException: Connect timed out
	at java.base/sun.nio.ch.NioSocketImpl.timedFinishConnect(Unknown Source)
	at java.base/sun.nio.ch.NioSocketImpl.connect(Unknown Source)
	at java.base/java.net.SocksSocketImpl.connect(Unknown Source)
	at java.base/java.net.Socket.connect(Unknown Source)
	at java.base/sun.security.ssl.SSLSocketImpl.connect(Unknown Source)
	at java.base/sun.net.NetworkClient.doConnect(Unknown Source)
	at java.base/sun.net.www.http.HttpClient.openServer(Unknown Source)
	at java.base/sun.net.www.http.HttpClient.openServer(Unknown Source)
	at java.base/sun.net.www.protocol.https.HttpsClient.<init>(Unknown Source)
	at java.base/sun.net.www.protocol.https.HttpsClient.New(Unknown Source)
	at java.base/sun.net.www.protocol.https.AbstractDelegateHttpsURLConnection.getNewHttpClient(Unknown Source)
	at java.base/sun.net.www.protocol.http.HttpURLConnection.plainConnect0(Unknown Source)
	at java.base/sun.net.www.protocol.http.HttpURLConnection.plainConnect(Unknown Source)
	at java.base/sun.net.www.protocol.https.AbstractDelegateHttpsURLConnection.connect(Unknown Source)
	at java.base/sun.net.www.protocol.https.HttpsURLConnectionImpl.connect(Unknown Source)
	at org.openstreetmap.josm.tools.Http1Client.performConnection(Http1Client.java:78)
	at org.openstreetmap.josm.tools.HttpClient.connect(HttpClient.java:162)
	at org.openstreetmap.josm.tools.HttpClient.connect(HttpClient.java:136)
	at org.openstreetmap.josm.io.OsmServerReader.getInputStreamRaw(OsmServerReader.java:199)
	... 12 more

2025-09-16 16:03:37.262 WARNING: java.net.SocketTimeoutException: Connect timed out
java.net.SocketTimeoutException: Connect timed out
	at java.base/sun.nio.ch.NioSocketImpl.timedFinishConnect(Unknown Source)
	at java.base/sun.nio.ch.NioSocketImpl.connect(Unknown Source)
	at java.base/java.net.SocksSocketImpl.connect(Unknown Source)
	at java.base/java.net.Socket.connect(Unknown Source)
	at java.base/sun.security.ssl.SSLSocketImpl.connect(Unknown Source)
	at java.base/sun.net.NetworkClient.doConnect(Unknown Source)
	at java.base/sun.net.www.http.HttpClient.openServer(Unknown Source)
	at java.base/sun.net.www.http.HttpClient.openServer(Unknown Source)
	at java.base/sun.net.www.protocol.https.HttpsClient.<init>(Unknown Source)
	at java.base/sun.net.www.protocol.https.HttpsClient.New(Unknown Source)
	at java.base/sun.net.www.protocol.https.AbstractDelegateHttpsURLConnection.getNewHttpClient(Unknown Source)
	at java.base/sun.net.www.protocol.http.HttpURLConnection.plainConnect0(Unknown Source)
	at java.base/sun.net.www.protocol.http.HttpURLConnection.plainConnect(Unknown Source)
	at java.base/sun.net.www.protocol.https.AbstractDelegateHttpsURLConnection.connect(Unknown Source)
	at java.base/sun.net.www.protocol.https.HttpsURLConnectionImpl.connect(Unknown Source)
	at org.openstreetmap.josm.tools.Http1Client.performConnection(Http1Client.java:78)
	at org.openstreetmap.josm.tools.HttpClient.connect(HttpClient.java:162)
	at org.openstreetmap.josm.tools.HttpClient.connect(HttpClient.java:136)
	at org.openstreetmap.josm.io.OsmServerReader.getInputStreamRaw(OsmServerReader.java:199)
	at org.openstreetmap.josm.io.OsmServerReader.getInputStreamRaw(OsmServerReader.java:142)
	at org.openstreetmap.josm.io.OsmServerReader.getInputStreamRaw(OsmServerReader.java:126)
	at org.openstreetmap.josm.io.OsmServerReader.getInputStream(OsmServerReader.java:90)
	at org.openstreetmap.josm.io.OsmServerReader.getInputStream(OsmServerReader.java:73)
	at org.openstreetmap.josm.io.BoundingBoxDownloader.parseOsm(BoundingBoxDownloader.java:213)
	at org.openstreetmap.josm.actions.downloadtasks.DownloadOsmTask$DownloadTask.parseDataSet(DownloadOsmTask.java:470)
	at org.openstreetmap.josm.actions.downloadtasks.DownloadOsmTask$DownloadTask.realRun(DownloadOsmTask.java:478)
	at org.openstreetmap.josm.gui.PleaseWaitRunnable.doRealRun(PleaseWaitRunnable.java:94)
	at org.openstreetmap.josm.gui.PleaseWaitRunnable.run(PleaseWaitRunnable.java:142)
	at java.base/java.util.concurrent.Executors$RunnableAdapter.call(Unknown Source)
	at java.base/java.util.concurrent.FutureTask.run(Unknown Source)
	at java.base/java.util.concurrent.ThreadPoolExecutor.runWorker(Unknown Source)
	at java.base/java.util.concurrent.ThreadPoolExecutor$Worker.run(Unknown Source)
	at java.base/java.lang.Thread.run(Unknown Source)

2025-09-16 16:03:37.263 SEVERE: java.net.SocketTimeoutException: Connect timed out
java.net.SocketTimeoutException: Connect timed out
	at java.base/sun.nio.ch.NioSocketImpl.timedFinishConnect(Unknown Source)
	at java.base/sun.nio.ch.NioSocketImpl.connect(Unknown Source)
	at java.base/java.net.SocksSocketImpl.connect(Unknown Source)
	at java.base/java.net.Socket.connect(Unknown Source)
	at java.base/sun.security.ssl.SSLSocketImpl.connect(Unknown Source)
	at java.base/sun.net.NetworkClient.doConnect(Unknown Source)
	at java.base/sun.net.www.http.HttpClient.openServer(Unknown Source)
	at java.base/sun.net.www.http.HttpClient.openServer(Unknown Source)
	at java.base/sun.net.www.protocol.https.HttpsClient.<init>(Unknown Source)
	at java.base/sun.net.www.protocol.https.HttpsClient.New(Unknown Source)
	at java.base/sun.net.www.protocol.https.AbstractDelegateHttpsURLConnection.getNewHttpClient(Unknown Source)
	at java.base/sun.net.www.protocol.http.HttpURLConnection.plainConnect0(Unknown Source)
	at java.base/sun.net.www.protocol.http.HttpURLConnection.plainConnect(Unknown Source)
	at java.base/sun.net.www.protocol.https.AbstractDelegateHttpsURLConnection.connect(Unknown Source)
	at java.base/sun.net.www.protocol.https.HttpsURLConnectionImpl.connect(Unknown Source)
	at org.openstreetmap.josm.tools.Http1Client.performConnection(Http1Client.java:78)
	at org.openstreetmap.josm.tools.HttpClient.connect(HttpClient.java:162)
	at org.openstreetmap.josm.tools.HttpClient.connect(HttpClient.java:136)
	at org.openstreetmap.josm.io.OsmServerReader.getInputStreamRaw(OsmServerReader.java:199)
	at org.openstreetmap.josm.io.OsmServerReader.getInputStreamRaw(OsmServerReader.java:142)
	at org.openstreetmap.josm.io.OsmServerReader.getInputStreamRaw(OsmServerReader.java:126)
	at org.openstreetmap.josm.io.OsmServerReader.getInputStream(OsmServerReader.java:90)
	at org.openstreetmap.josm.io.OsmServerReader.getInputStream(OsmServerReader.java:73)
	at org.openstreetmap.josm.io.BoundingBoxDownloader.parseOsm(BoundingBoxDownloader.java:213)
	at org.openstreetmap.josm.actions.downloadtasks.DownloadOsmTask$DownloadTask.parseDataSet(DownloadOsmTask.java:470)
	at org.openstreetmap.josm.actions.downloadtasks.DownloadOsmTask$DownloadTask.realRun(DownloadOsmTask.java:478)
	at org.openstreetmap.josm.gui.PleaseWaitRunnable.doRealRun(PleaseWaitRunnable.java:94)
	at org.openstreetmap.josm.gui.PleaseWaitRunnable.run(PleaseWaitRunnable.java:142)
	at java.base/java.util.concurrent.Executors$RunnableAdapter.call(Unknown Source)
	at java.base/java.util.concurrent.FutureTask.run(Unknown Source)
	at java.base/java.util.concurrent.ThreadPoolExecutor.runWorker(Unknown Source)
	at java.base/java.util.concurrent.ThreadPoolExecutor$Worker.run(Unknown Source)
	at java.base/java.lang.Thread.run(Unknown Source)

2025-09-16 16:03:37.306 SEVERE: org.openstreetmap.josm.io.OsmTransferException: Could not connect to the OSM server. Please check your internet connection.. Cause: java.net.SocketTimeoutException: Connect timed out
org.openstreetmap.josm.io.OsmTransferException: Could not connect to the OSM server. Please check your internet connection.
	at org.openstreetmap.josm.io.OsmServerReader.getInputStreamRaw(OsmServerReader.java:204)
	at org.openstreetmap.josm.io.OsmServerReader.getInputStreamRaw(OsmServerReader.java:142)
	at org.openstreetmap.josm.io.OsmServerReader.getInputStreamRaw(OsmServerReader.java:126)
	at org.openstreetmap.josm.io.OsmServerReader.getInputStream(OsmServerReader.java:90)
	at org.openstreetmap.josm.io.OsmServerReader.getInputStream(OsmServerReader.java:73)
	at org.openstreetmap.josm.io.BoundingBoxDownloader.parseOsm(BoundingBoxDownloader.java:213)
	at org.openstreetmap.josm.actions.downloadtasks.DownloadOsmTask$DownloadTask.parseDataSet(DownloadOsmTask.java:470)
	at org.openstreetmap.josm.actions.downloadtasks.DownloadOsmTask$DownloadTask.realRun(DownloadOsmTask.java:478)
	at org.openstreetmap.josm.gui.PleaseWaitRunnable.doRealRun(PleaseWaitRunnable.java:94)
	at org.openstreetmap.josm.gui.PleaseWaitRunnable.run(PleaseWaitRunnable.java:142)
	at java.base/java.util.concurrent.Executors$RunnableAdapter.call(Unknown Source)
	at java.base/java.util.concurrent.FutureTask.run(Unknown Source)
	at java.base/java.util.concurrent.ThreadPoolExecutor.runWorker(Unknown Source)
	at java.base/java.util.concurrent.ThreadPoolExecutor$Worker.run(Unknown Source)
	at java.base/java.lang.Thread.run(Unknown Source)
Caused by: java.net.SocketTimeoutException: Connect timed out
	at java.base/sun.nio.ch.NioSocketImpl.timedFinishConnect(Unknown Source)
	at java.base/sun.nio.ch.NioSocketImpl.connect(Unknown Source)
	at java.base/java.net.SocksSocketImpl.connect(Unknown Source)
	at java.base/java.net.Socket.connect(Unknown Source)
	at java.base/sun.security.ssl.SSLSocketImpl.connect(Unknown Source)
	at java.base/sun.net.NetworkClient.doConnect(Unknown Source)
	at java.base/sun.net.www.http.HttpClient.openServer(Unknown Source)
	at java.base/sun.net.www.http.HttpClient.openServer(Unknown Source)
	at java.base/sun.net.www.protocol.https.HttpsClient.<init>(Unknown Source)
	at java.base/sun.net.www.protocol.https.HttpsClient.New(Unknown Source)
	at java.base/sun.net.www.protocol.https.AbstractDelegateHttpsURLConnection.getNewHttpClient(Unknown Source)
	at java.base/sun.net.www.protocol.http.HttpURLConnection.plainConnect0(Unknown Source)
	at java.base/sun.net.www.protocol.http.HttpURLConnection.plainConnect(Unknown Source)
	at java.base/sun.net.www.protocol.https.AbstractDelegateHttpsURLConnection.connect(Unknown Source)
	at java.base/sun.net.www.protocol.https.HttpsURLConnectionImpl.connect(Unknown Source)
	at org.openstreetmap.josm.tools.Http1Client.performConnection(Http1Client.java:78)
	at org.openstreetmap.josm.tools.HttpClient.connect(HttpClient.java:162)
	at org.openstreetmap.josm.tools.HttpClient.connect(HttpClient.java:136)
	at org.openstreetmap.josm.io.OsmServerReader.getInputStreamRaw(OsmServerReader.java:199)
	... 14 more

2025-09-16 16:03:37.316 SEVERE: IO Exception - <html>Failed to upload data to or download data from<br>'https://api.openstreetmap.org/api/0.6/map?bbox=36.920274,-1.274708,36.924766,-1.270217'<br>due to a problem with transferring data.<br>Details (untranslated): Connect timed out</html>
2025-09-16 16:03:37.340 SEVERE: org.openstreetmap.josm.io.OsmTransferException: Could not connect to the OSM server. Please check your internet connection.. Cause: java.net.SocketTimeoutException: Connect timed out
org.openstreetmap.josm.io.OsmTransferException: Could not connect to the OSM server. Please check your internet connection.
	at org.openstreetmap.josm.io.OsmServerReader.getInputStreamRaw(OsmServerReader.java:204)
	at org.openstreetmap.josm.io.OsmServerReader.getInputStreamRaw(OsmServerReader.java:142)
	at org.openstreetmap.josm.io.OsmServerReader.getInputStreamRaw(OsmServerReader.java:126)
	at org.openstreetmap.josm.io.OsmServerReader.getInputStream(OsmServerReader.java:90)
	at org.openstreetmap.josm.io.OsmServerReader.getInputStream(OsmServerReader.java:73)
	at org.openstreetmap.josm.io.BoundingBoxDownloader.parseOsm(BoundingBoxDownloader.java:213)
	at org.openstreetmap.josm.actions.downloadtasks.DownloadOsmTask$DownloadTask.parseDataSet(DownloadOsmTask.java:470)
	at org.openstreetmap.josm.actions.downloadtasks.DownloadOsmTask$DownloadTask.realRun(DownloadOsmTask.java:478)
	at org.openstreetmap.josm.gui.PleaseWaitRunnable.doRealRun(PleaseWaitRunnable.java:94)
	at org.openstreetmap.josm.gui.PleaseWaitRunnable.run(PleaseWaitRunnable.java:142)
	at java.base/java.util.concurrent.Executors$RunnableAdapter.call(Unknown Source)
	at java.base/java.util.concurrent.FutureTask.run(Unknown Source)
	at java.base/java.util.concurrent.ThreadPoolExecutor.runWorker(Unknown Source)
	at java.base/java.util.concurrent.ThreadPoolExecutor$Worker.run(Unknown Source)
	at java.base/java.lang.Thread.run(Unknown Source)
Caused by: java.net.SocketTimeoutException: Connect timed out
	at java.base/sun.nio.ch.NioSocketImpl.timedFinishConnect(Unknown Source)
	at java.base/sun.nio.ch.NioSocketImpl.connect(Unknown Source)
	at java.base/java.net.SocksSocketImpl.connect(Unknown Source)
	at java.base/java.net.Socket.connect(Unknown Source)
	at java.base/sun.security.ssl.SSLSocketImpl.connect(Unknown Source)
	at java.base/sun.net.NetworkClient.doConnect(Unknown Source)
	at java.base/sun.net.www.http.HttpClient.openServer(Unknown Source)
	at java.base/sun.net.www.http.HttpClient.openServer(Unknown Source)
	at java.base/sun.net.www.protocol.https.HttpsClient.<init>(Unknown Source)
	at java.base/sun.net.www.protocol.https.HttpsClient.New(Unknown Source)
	at java.base/sun.net.www.protocol.https.AbstractDelegateHttpsURLConnection.getNewHttpClient(Unknown Source)
	at java.base/sun.net.www.protocol.http.HttpURLConnection.plainConnect0(Unknown Source)
	at java.base/sun.net.www.protocol.http.HttpURLConnection.plainConnect(Unknown Source)
	at java.base/sun.net.www.protocol.https.AbstractDelegateHttpsURLConnection.connect(Unknown Source)
	at java.base/sun.net.www.protocol.https.HttpsURLConnectionImpl.connect(Unknown Source)
	at org.openstreetmap.josm.tools.Http1Client.performConnection(Http1Client.java:78)
	at org.openstreetmap.josm.tools.HttpClient.connect(HttpClient.java:162)
	at org.openstreetmap.josm.tools.HttpClient.connect(HttpClient.java:136)
	at org.openstreetmap.josm.io.OsmServerReader.getInputStreamRaw(OsmServerReader.java:199)
	... 14 more

2025-09-16 16:03:37.341 SEVERE: org.openstreetmap.josm.io.OsmTransferException: Could not connect to the OSM server. Please check your internet connection.. Cause: java.net.SocketTimeoutException: Connect timed out
org.openstreetmap.josm.io.OsmTransferException: Could not connect to the OSM server. Please check your internet connection.
	at org.openstreetmap.josm.io.OsmServerReader.getInputStreamRaw(OsmServerReader.java:204)
	at org.openstreetmap.josm.io.OsmServerReader.getInputStreamRaw(OsmServerReader.java:142)
	at org.openstreetmap.josm.io.OsmServerReader.getInputStreamRaw(OsmServerReader.java:126)
	at org.openstreetmap.josm.io.OsmServerReader.getInputStream(OsmServerReader.java:90)
	at org.openstreetmap.josm.io.OsmServerReader.getInputStream(OsmServerReader.java:73)
	at org.openstreetmap.josm.io.BoundingBoxDownloader.parseOsm(BoundingBoxDownloader.java:213)
	at org.openstreetmap.josm.actions.downloadtasks.DownloadOsmTask$DownloadTask.parseDataSet(DownloadOsmTask.java:470)
	at org.openstreetmap.josm.actions.downloadtasks.DownloadOsmTask$DownloadTask.realRun(DownloadOsmTask.java:478)
	at org.openstreetmap.josm.gui.PleaseWaitRunnable.doRealRun(PleaseWaitRunnable.java:94)
	at org.openstreetmap.josm.gui.PleaseWaitRunnable.run(PleaseWaitRunnable.java:142)
	at java.base/java.util.concurrent.Executors$RunnableAdapter.call(Unknown Source)
	at java.base/java.util.concurrent.FutureTask.run(Unknown Source)
	at java.base/java.util.concurrent.ThreadPoolExecutor.runWorker(Unknown Source)
	at java.base/java.util.concurrent.ThreadPoolExecutor$Worker.run(Unknown Source)
	at java.base/java.lang.Thread.run(Unknown Source)
Caused by: java.net.SocketTimeoutException: Connect timed out
	at java.base/sun.nio.ch.NioSocketImpl.timedFinishConnect(Unknown Source)
	at java.base/sun.nio.ch.NioSocketImpl.connect(Unknown Source)
	at java.base/java.net.SocksSocketImpl.connect(Unknown Source)
	at java.base/java.net.Socket.connect(Unknown Source)
	at java.base/sun.security.ssl.SSLSocketImpl.connect(Unknown Source)
	at java.base/sun.net.NetworkClient.doConnect(Unknown Source)
	at java.base/sun.net.www.http.HttpClient.openServer(Unknown Source)
	at java.base/sun.net.www.http.HttpClient.openServer(Unknown Source)
	at java.base/sun.net.www.protocol.https.HttpsClient.<init>(Unknown Source)
	at java.base/sun.net.www.protocol.https.HttpsClient.New(Unknown Source)
	at java.base/sun.net.www.protocol.https.AbstractDelegateHttpsURLConnection.getNewHttpClient(Unknown Source)
	at java.base/sun.net.www.protocol.http.HttpURLConnection.plainConnect0(Unknown Source)
	at java.base/sun.net.www.protocol.http.HttpURLConnection.plainConnect(Unknown Source)
	at java.base/sun.net.www.protocol.https.AbstractDelegateHttpsURLConnection.connect(Unknown Source)
	at java.base/sun.net.www.protocol.https.HttpsURLConnectionImpl.connect(Unknown Source)
	at org.openstreetmap.josm.tools.Http1Client.performConnection(Http1Client.java:78)
	at org.openstreetmap.josm.tools.HttpClient.connect(HttpClient.java:162)
	at org.openstreetmap.josm.tools.HttpClient.connect(HttpClient.java:136)
	at org.openstreetmap.josm.io.OsmServerReader.getInputStreamRaw(OsmServerReader.java:199)
	... 14 more

2025-09-16 16:03:37.342 SEVERE: org.openstreetmap.josm.io.OsmTransferException: Failed to upload data to or download data from<br>'https://api.openstreetmap.org/api/0.6/map?bbox=36.920274,-1.274708,36.924766,-1.270217'<br>due to a problem with transferring data.<br>Details (untranslated): Connect timed out. Cause: org.openstreetmap.josm.io.OsmTransferException: Could not connect to the OSM server. Please check your internet connection.. Cause: java.net.SocketTimeoutException: Connect timed out
org.openstreetmap.josm.io.OsmTransferException: Failed to upload data to or download data from<br>'https://api.openstreetmap.org/api/0.6/map?bbox=36.920274,-1.274708,36.924766,-1.270217'<br>due to a problem with transferring data.<br>Details (untranslated): Connect timed out
	at org.openstreetmap.josm.io.remotecontrol.handler.LoadAndZoomHandler.lambda$performDownload$1(LoadAndZoomHandler.java:237)
	at java.desktop/java.awt.event.InvocationEvent.dispatch(Unknown Source)
	at java.desktop/java.awt.EventQueue.dispatchEventImpl(Unknown Source)
	at java.desktop/java.awt.EventQueue$4.run(Unknown Source)
	at java.desktop/java.awt.EventQueue$4.run(Unknown Source)
	at java.base/java.security.AccessController.doPrivileged(Unknown Source)
	at java.base/java.security.ProtectionDomain$JavaSecurityAccessImpl.doIntersectionPrivilege(Unknown Source)
	at java.desktop/java.awt.EventQueue.dispatchEvent(Unknown Source)
	at java.desktop/java.awt.EventDispatchThread.pumpOneEventForFilters(Unknown Source)
	at java.desktop/java.awt.EventDispatchThread.pumpEventsForFilter(Unknown Source)
	at java.desktop/java.awt.EventDispatchThread.pumpEventsForFilter(Unknown Source)
	at java.desktop/java.awt.WaitDispatchSupport$2.run(Unknown Source)
	at java.desktop/java.awt.WaitDispatchSupport$4.run(Unknown Source)
	at java.desktop/java.awt.WaitDispatchSupport$4.run(Unknown Source)
	at java.base/java.security.AccessController.doPrivileged(Unknown Source)
	at java.desktop/java.awt.WaitDispatchSupport.enter(Unknown Source)
	at java.desktop/java.awt.Dialog.show(Unknown Source)
	at java.desktop/java.awt.Component.show(Unknown Source)
	at java.desktop/java.awt.Component.setVisible(Unknown Source)
	at java.desktop/java.awt.Window.setVisible(Unknown Source)
	at java.desktop/java.awt.Dialog.setVisible(Unknown Source)
	at org.openstreetmap.josm.gui.HelpAwareOptionPane.doShowOptionDialog(HelpAwareOptionPane.java:359)
	at org.openstreetmap.josm.gui.HelpAwareOptionPane.showOptionDialog(HelpAwareOptionPane.java:291)
	at org.openstreetmap.josm.gui.HelpAwareOptionPane.showOptionDialog(HelpAwareOptionPane.java:374)
	at org.openstreetmap.josm.gui.ExceptionDialogUtil.showErrorDialog(ExceptionDialogUtil.java:44)
	at org.openstreetmap.josm.gui.ExceptionDialogUtil.explainNestedIOException(ExceptionDialogUtil.java:140)
	at org.openstreetmap.josm.gui.ExceptionDialogUtil.explainOsmTransferException(ExceptionDialogUtil.java:412)
	at org.openstreetmap.josm.gui.ExceptionDialogUtil.explainException(ExceptionDialogUtil.java:506)
	at org.openstreetmap.josm.actions.downloadtasks.PostDownloadHandler.lambda$run$1(PostDownloadHandler.java:109)
	at java.desktop/java.awt.event.InvocationEvent.dispatch(Unknown Source)
	at java.desktop/java.awt.EventQueue.dispatchEventImpl(Unknown Source)
	at java.desktop/java.awt.EventQueue$4.run(Unknown Source)
	at java.desktop/java.awt.EventQueue$4.run(Unknown Source)
	at java.base/java.security.AccessController.doPrivileged(Unknown Source)
	at java.base/java.security.ProtectionDomain$JavaSecurityAccessImpl.doIntersectionPrivilege(Unknown Source)
	at java.desktop/java.awt.EventQueue.dispatchEvent(Unknown Source)
	at java.desktop/java.awt.EventDispatchThread.pumpOneEventForFilters(Unknown Source)
	at java.desktop/java.awt.EventDispatchThread.pumpEventsForFilter(Unknown Source)
	at java.desktop/java.awt.EventDispatchThread.pumpEventsForHierarchy(Unknown Source)
	at java.desktop/java.awt.EventDispatchThread.pumpEvents(Unknown Source)
	at java.desktop/java.awt.EventDispatchThread.pumpEvents(Unknown Source)
	at java.desktop/java.awt.EventDispatchThread.run(Unknown Source)
Caused by: org.openstreetmap.josm.io.OsmTransferException: Could not connect to the OSM server. Please check your internet connection.
	at org.openstreetmap.josm.io.OsmServerReader.getInputStreamRaw(OsmServerReader.java:204)
	at org.openstreetmap.josm.io.OsmServerReader.getInputStreamRaw(OsmServerReader.java:142)
	at org.openstreetmap.josm.io.OsmServerReader.getInputStreamRaw(OsmServerReader.java:126)
	at org.openstreetmap.josm.io.OsmServerReader.getInputStream(OsmServerReader.java:90)
	at org.openstreetmap.josm.io.OsmServerReader.getInputStream(OsmServerReader.java:73)
	at org.openstreetmap.josm.io.BoundingBoxDownloader.parseOsm(BoundingBoxDownloader.java:213)
	at org.openstreetmap.josm.actions.downloadtasks.DownloadOsmTask$DownloadTask.parseDataSet(DownloadOsmTask.java:470)
	at org.openstreetmap.josm.actions.downloadtasks.DownloadOsmTask$DownloadTask.realRun(DownloadOsmTask.java:478)
	at org.openstreetmap.josm.gui.PleaseWaitRunnable.doRealRun(PleaseWaitRunnable.java:94)
	at org.openstreetmap.josm.gui.PleaseWaitRunnable.run(PleaseWaitRunnable.java:142)
	at java.base/java.util.concurrent.Executors$RunnableAdapter.call(Unknown Source)
	at java.base/java.util.concurrent.FutureTask.run(Unknown Source)
	at java.base/java.util.concurrent.ThreadPoolExecutor.runWorker(Unknown Source)
	at java.base/java.util.concurrent.ThreadPoolExecutor$Worker.run(Unknown Source)
	at java.base/java.lang.Thread.run(Unknown Source)
Caused by: java.net.SocketTimeoutException: Connect timed out
	at java.base/sun.nio.ch.NioSocketImpl.timedFinishConnect(Unknown Source)
	at java.base/sun.nio.ch.NioSocketImpl.connect(Unknown Source)
	at java.base/java.net.SocksSocketImpl.connect(Unknown Source)
	at java.base/java.net.Socket.connect(Unknown Source)
	at java.base/sun.security.ssl.SSLSocketImpl.connect(Unknown Source)
	at java.base/sun.net.NetworkClient.doConnect(Unknown Source)
	at java.base/sun.net.www.http.HttpClient.openServer(Unknown Source)
	at java.base/sun.net.www.http.HttpClient.openServer(Unknown Source)
	at java.base/sun.net.www.protocol.https.HttpsClient.<init>(Unknown Source)
	at java.base/sun.net.www.protocol.https.HttpsClient.New(Unknown Source)
	at java.base/sun.net.www.protocol.https.AbstractDelegateHttpsURLConnection.getNewHttpClient(Unknown Source)
	at java.base/sun.net.www.protocol.http.HttpURLConnection.plainConnect0(Unknown Source)
	at java.base/sun.net.www.protocol.http.HttpURLConnection.plainConnect(Unknown Source)
	at java.base/sun.net.www.protocol.https.AbstractDelegateHttpsURLConnection.connect(Unknown Source)
	at java.base/sun.net.www.protocol.https.HttpsURLConnectionImpl.connect(Unknown Source)
	at org.openstreetmap.josm.tools.Http1Client.performConnection(Http1Client.java:78)
	at org.openstreetmap.josm.tools.HttpClient.connect(HttpClient.java:162)
	at org.openstreetmap.josm.tools.HttpClient.connect(HttpClient.java:136)
	at org.openstreetmap.josm.io.OsmServerReader.getInputStreamRaw(OsmServerReader.java:199)
	... 14 more

2025-09-16 16:03:37.349 SEVERE: IO Exception - <html>Failed to upload data to or download data from<br>'https://api.openstreetmap.org/api/0.6/'<br>due to a problem with transferring data.<br>Details (untranslated): Connect timed out</html>
2025-09-16 16:04:26.811 SEVERE: java.net.SocketTimeoutException: Connect timed out
java.net.SocketTimeoutException: Connect timed out
	at java.base/sun.nio.ch.NioSocketImpl.timedFinishConnect(Unknown Source)
	at java.base/sun.nio.ch.NioSocketImpl.connect(Unknown Source)
	at java.base/java.net.SocksSocketImpl.connect(Unknown Source)
	at java.base/java.net.Socket.connect(Unknown Source)
	at java.base/sun.security.ssl.SSLSocketImpl.connect(Unknown Source)
	at java.base/sun.net.NetworkClient.doConnect(Unknown Source)
	at java.base/sun.net.www.http.HttpClient.openServer(Unknown Source)
	at java.base/sun.net.www.http.HttpClient.openServer(Unknown Source)
	at java.base/sun.net.www.protocol.https.HttpsClient.<init>(Unknown Source)
	at java.base/sun.net.www.protocol.https.HttpsClient.New(Unknown Source)
	at java.base/sun.net.www.protocol.https.AbstractDelegateHttpsURLConnection.getNewHttpClient(Unknown Source)
	at java.base/sun.net.www.protocol.http.HttpURLConnection.plainConnect0(Unknown Source)
	at java.base/sun.net.www.protocol.http.HttpURLConnection.plainConnect(Unknown Source)
	at java.base/sun.net.www.protocol.https.AbstractDelegateHttpsURLConnection.connect(Unknown Source)
	at java.base/sun.net.www.protocol.http.HttpURLConnection.getInputStream0(Unknown Source)
	at java.base/sun.net.www.protocol.http.HttpURLConnection.getInputStream(Unknown Source)
	at java.base/java.net.HttpURLConnection.getResponseCode(Unknown Source)
	at java.base/sun.net.www.protocol.https.HttpsURLConnectionImpl.getResponseCode(Unknown Source)
	at org.openstreetmap.josm.plugins.dpwvalidationtool.ValidationToolPanel.fetchMapperFromTaskingManager(ValidationToolPanel.java:475)
	at org.openstreetmap.josm.plugins.dpwvalidationtool.ValidationToolPanel.lambda$setupUI$16(ValidationToolPanel.java:263)
	at java.base/java.lang.Thread.run(Unknown Source)

2025-09-16 16:05:37.501 SEVERE: java.net.SocketTimeoutException: Connect timed out
java.net.SocketTimeoutException: Connect timed out
	at java.base/sun.nio.ch.NioSocketImpl.timedFinishConnect(Unknown Source)
	at java.base/sun.nio.ch.NioSocketImpl.connect(Unknown Source)
	at java.base/java.net.SocksSocketImpl.connect(Unknown Source)
	at java.base/java.net.Socket.connect(Unknown Source)
	at java.base/sun.security.ssl.SSLSocketImpl.connect(Unknown Source)
	at java.base/sun.net.NetworkClient.doConnect(Unknown Source)
	at java.base/sun.net.www.http.HttpClient.openServer(Unknown Source)
	at java.base/sun.net.www.http.HttpClient.openServer(Unknown Source)
	at java.base/sun.net.www.protocol.https.HttpsClient.<init>(Unknown Source)
	at java.base/sun.net.www.protocol.https.HttpsClient.New(Unknown Source)
	at java.base/sun.net.www.protocol.https.AbstractDelegateHttpsURLConnection.getNewHttpClient(Unknown Source)
	at java.base/sun.net.www.protocol.http.HttpURLConnection.plainConnect0(Unknown Source)
	at java.base/sun.net.www.protocol.http.HttpURLConnection.plainConnect(Unknown Source)
	at java.base/sun.net.www.protocol.https.AbstractDelegateHttpsURLConnection.connect(Unknown Source)
	at java.base/sun.net.www.protocol.http.HttpURLConnection.getInputStream0(Unknown Source)
	at java.base/sun.net.www.protocol.http.HttpURLConnection.getInputStream(Unknown Source)
	at java.base/java.net.HttpURLConnection.getResponseCode(Unknown Source)
	at java.base/sun.net.www.protocol.https.HttpsURLConnectionImpl.getResponseCode(Unknown Source)
	at org.openstreetmap.josm.plugins.dpwvalidationtool.ValidationToolPanel.fetchMapperFromTaskingManager(ValidationToolPanel.java:475)
	at org.openstreetmap.josm.plugins.dpwvalidationtool.ValidationToolPanel.lambda$setupUI$16(ValidationToolPanel.java:263)
	at java.base/java.lang.Thread.run(Unknown Source)

2025-09-16 16:05:53.817 SEVERE: java.net.SocketTimeoutException: Connect timed out
java.net.SocketTimeoutException: Connect timed out
	at java.base/sun.nio.ch.NioSocketImpl.timedFinishConnect(Unknown Source)
	at java.base/sun.nio.ch.NioSocketImpl.connect(Unknown Source)
	at java.base/java.net.SocksSocketImpl.connect(Unknown Source)
	at java.base/java.net.Socket.connect(Unknown Source)
	at java.base/sun.security.ssl.SSLSocketImpl.connect(Unknown Source)
	at java.base/sun.net.NetworkClient.doConnect(Unknown Source)
	at java.base/sun.net.www.http.HttpClient.openServer(Unknown Source)
	at java.base/sun.net.www.http.HttpClient.openServer(Unknown Source)
	at java.base/sun.net.www.protocol.https.HttpsClient.<init>(Unknown Source)
	at java.base/sun.net.www.protocol.https.HttpsClient.New(Unknown Source)
	at java.base/sun.net.www.protocol.https.AbstractDelegateHttpsURLConnection.getNewHttpClient(Unknown Source)
	at java.base/sun.net.www.protocol.http.HttpURLConnection.plainConnect0(Unknown Source)
	at java.base/sun.net.www.protocol.http.HttpURLConnection.plainConnect(Unknown Source)
	at java.base/sun.net.www.protocol.https.AbstractDelegateHttpsURLConnection.connect(Unknown Source)
	at java.base/sun.net.www.protocol.http.HttpURLConnection.getInputStream0(Unknown Source)
	at java.base/sun.net.www.protocol.http.HttpURLConnection.getInputStream(Unknown Source)
	at java.base/java.net.HttpURLConnection.getResponseCode(Unknown Source)
	at java.base/sun.net.www.protocol.https.HttpsURLConnectionImpl.getResponseCode(Unknown Source)
	at org.openstreetmap.josm.plugins.dpwvalidationtool.ValidationToolPanel.fetchMapperFromTaskingManager(ValidationToolPanel.java:475)
	at org.openstreetmap.josm.plugins.dpwvalidationtool.ValidationToolPanel.lambda$setupUI$16(ValidationToolPanel.java:263)
	at java.base/java.lang.Thread.run(Unknown Source)

